Unity Editor version:    2020.3.30f1 (1fb1bf06830e)
Branch:                  2020.3/staging
Build type:              Release
Batch mode:              YES
macOS version:           Version 12.5 (Build 21G72)
Darwin version:          21.6.0
Architecture:            x86_64
Running under Rosetta:   NO
Available memory:        8192 MB
Using pre-set license
Pro License: NO

COMMAND LINE ARGUMENTS:
/Volumes/SDISK/UnityEditor/2020.3.30f1/Unity.app/Contents/MacOS/Unity
-adb2
-batchMode
-noUpm
-name
AssetImportWorker0
-projectPath
/Volumes/SDISK/multiplayer-movement-sync-unity
-logFile
Logs/AssetImportWorker0.log
-srvPort
54217
Successfully changed project path to: /Volumes/SDISK/multiplayer-movement-sync-unity
/Volumes/SDISK/multiplayer-movement-sync-unity
Using Asset Import Pipeline V2.
Refreshing native plugins compatible for Editor in 38.07 ms, found 2 plugins.
Preloading 0 native plugins for Editor in 0.00 ms.
Initialize engine version: 2020.3.30f1 (1fb1bf06830e)
[Subsystems] Discovering subsystems at path /Volumes/SDISK/UnityEditor/2020.3.30f1/Unity.app/Contents/Resources/UnitySubsystems
[Subsystems] Discovering subsystems at path /Volumes/SDISK/multiplayer-movement-sync-unity/Assets
GfxDevice: creating device client; threaded=0
2022-10-07 20:05:51.641 Unity[9438:1252978] VX2370 SERIES preferred device: Intel(R) Iris(TM) Plus Graphics 640 (low power)
2022-10-07 20:05:51.641 Unity[9438:1252978] Metal devices available: 1
2022-10-07 20:05:51.641 Unity[9438:1252978] 0: Intel(R) Iris(TM) Plus Graphics 640 (low power)
2022-10-07 20:05:51.641 Unity[9438:1252978] Using device Intel(R) Iris(TM) Plus Graphics 640 (low power)
Initializing Metal device caps: Intel(R) Iris(TM) Plus Graphics 640
Initialize mono
Mono path[0] = '/Volumes/SDISK/UnityEditor/2020.3.30f1/Unity.app/Contents/Managed'
Mono path[1] = '/Volumes/SDISK/UnityEditor/2020.3.30f1/Unity.app/Contents/MonoBleedingEdge/lib/mono/unityjit'
Mono config path = '/Volumes/SDISK/UnityEditor/2020.3.30f1/Unity.app/Contents/MonoBleedingEdge/etc'
Using monoOptions --debugger-agent=transport=dt_socket,embedding=1,server=y,suspend=n,address=127.0.0.1:56438
Begin MonoManager ReloadAssembly
Registering precompiled unity dll's ...
Register platform support module: /Volumes/SDISK/UnityEditor/2020.3.30f1/Unity.app/Contents/PlaybackEngines/MacStandaloneSupport/UnityEditor.OSXStandalone.Extensions.dll
Registered in 0.001695 seconds.
Native extension for OSXStandalone target not found
Refreshing native plugins compatible for Editor in 34.16 ms, found 2 plugins.
Preloading 0 native plugins for Editor in 0.00 ms.
Mono: successfully reloaded assembly
- Completed reload, in  0.857 seconds
Domain Reload Profiling:
	ReloadAssembly (857ms)
		BeginReloadAssembly (146ms)
			ExecutionOrderSort (0ms)
			DisableScriptedObjects (0ms)
			BackupInstance (0ms)
			ReleaseScriptingObjects (0ms)
			CreateAndSetChildDomain (1ms)
		EndReloadAssembly (618ms)
			LoadAssemblies (149ms)
			RebuildTransferFunctionScriptingTraits (0ms)
			SetupTypeCache (225ms)
			ReleaseScriptCaches (0ms)
			RebuildScriptCaches (43ms)
			SetupLoadedEditorAssemblies (248ms)
				LogAssemblyErrors (0ms)
				InitializePlatformSupportModulesInManaged (5ms)
				SetLoadedEditorAssemblies (0ms)
				RefreshPlugins (34ms)
				BeforeProcessingInitializeOnLoad (44ms)
				ProcessInitializeOnLoadAttributes (123ms)
				ProcessInitializeOnLoadMethodAttributes (41ms)
				AfterProcessingInitializeOnLoad (0ms)
				EditorAssembliesLoaded (0ms)
			ExecutionOrderSort2 (0ms)
			AwakeInstancesAfterBackupRestoration (0ms)
Platform modules already initialized, skipping
Registering precompiled user dll's ...
Registered in 0.005898 seconds.
Begin MonoManager ReloadAssembly
Native extension for OSXStandalone target not found
Refreshing native plugins compatible for Editor in 0.37 ms, found 2 plugins.
Preloading 0 native plugins for Editor in 0.00 ms.
Mono: successfully reloaded assembly
- Completed reload, in  1.305 seconds
Domain Reload Profiling:
	ReloadAssembly (1306ms)
		BeginReloadAssembly (174ms)
			ExecutionOrderSort (0ms)
			DisableScriptedObjects (6ms)
			BackupInstance (0ms)
			ReleaseScriptingObjects (0ms)
			CreateAndSetChildDomain (32ms)
		EndReloadAssembly (1054ms)
			LoadAssemblies (129ms)
			RebuildTransferFunctionScriptingTraits (0ms)
			SetupTypeCache (362ms)
			ReleaseScriptCaches (0ms)
			RebuildScriptCaches (61ms)
			SetupLoadedEditorAssemblies (370ms)
				LogAssemblyErrors (0ms)
				InitializePlatformSupportModulesInManaged (5ms)
				SetLoadedEditorAssemblies (1ms)
				RefreshPlugins (0ms)
				BeforeProcessingInitializeOnLoad (91ms)
				ProcessInitializeOnLoadAttributes (255ms)
				ProcessInitializeOnLoadMethodAttributes (16ms)
				AfterProcessingInitializeOnLoad (1ms)
				EditorAssembliesLoaded (0ms)
			ExecutionOrderSort2 (0ms)
			AwakeInstancesAfterBackupRestoration (8ms)
Platform modules already initialized, skipping
Validating Project structure ... 0.000777 seconds.
Shader import version has changed; will reimport all shaders...
Upgrading shader files ...0.000848 seconds.
Application.AssetDatabase Initial Script Refresh Start
RefreshInfo: InitialScriptRefreshV2(NoUpdateAssetOptions) scanfilter:  ... 1 filters
RefreshProfiler: Total: 0.000ms
Application.AssetDatabase Initial Script Refresh End
Application.AssetDatabase.Refresh Start
Application.AssetDatabase.Refresh End
RefreshInfo: StopAssetImportingV2(ForceSynchronousImport) scanfilter: 
RefreshProfiler: Total: 0.000ms
Launching external process: /Volumes/SDISK/UnityEditor/2020.3.30f1/Unity.app/Contents/Tools/UnityShaderCompiler
Launched and connected shader compiler UnityShaderCompiler after 0.02 seconds
Initializing Unity extensions:
2022-10-07 20:05:55.605 Unity[9438:1252978] NSEventModifierFlagFunction specified to -setKeyEquivalentModifierMask: for item <NSMenuItem: 0x600003fcbe90 Font Asset, ke='Command-F12'>, but is only supported for system-provided menu items; will not be used
2022-10-07 20:05:55.608 Unity[9438:1252978] NSEventModifierFlagFunction specified to -setKeyEquivalentModifierMask: for item <NSMenuItem: 0x600003fa0070 Font Asset, ke='Command-F12'>, but is only supported for system-provided menu items; will not be used
========================================================================
Worker process is ready to serve import requests
Refreshing native plugins compatible for Editor in 0.29 ms, found 2 plugins.
Preloading 0 native plugins for Editor in 0.00 ms.
Unloading 1520 Unused Serialized files (Serialized files now loaded: 0)
System memory in use before: 175.9 MB.
System memory in use after: 175.1 MB.

Unloading 88 unused Assets to reduce memory usage. Loaded Objects now: 1994.
Total: 3.804926 ms (FindLiveObjects: 0.136566 ms CreateObjectMapping: 0.144264 ms MarkObjects: 3.021667 ms  DeleteObjects: 0.501575 ms)

AssetImportParameters requested are different than current active one (requested -> active):
  custom:video-decoder-ogg-theora: a1e56fd34408186e4bbccfd4996cb3dc -> 
  custom:container-muxer-webm: aa71ff27fc2769a1b78a27578f13a17b -> 
  custom:container-demuxer-webm: 4f35f7cbe854078d1ac9338744f61a02 -> 
  custom:container-demuxer-ogg: 62fdf1f143b41e24485cea50d1cbac27 -> 
  custom:video-encoder-webm-vp8: eb34c28f22e8b96e1ab97ce403110664 -> 
  custom:framework-osx-AVFoundation: e770b220cccbd017edd2c1fefb359320 -> 
  custom:video-decoder-webm-vp8: 9c59270c3fd7afecdb556c50c9e8de78 -> 
  custom:audio-decoder-ogg-vorbis: bf7c407c2cedff20999df2af8eb42d56 -> 
  custom:audio-encoder-webm-vorbis: bf7c407c2cedff20999df2af8eb42d56 -> 
========================================================================
Received Import Request.
  path: Assets/materials
  artifactKey: Guid(ce225c7ad60ea4d55a79df619d2f892e) Importer(815301076,1909f56bfc062723c751e8b465ee728b)
Start importing Assets/materials using Guid(ce225c7ad60ea4d55a79df619d2f892e) Importer(815301076,1909f56bfc062723c751e8b465ee728b)  -> (artifact id: 'e06bca464e0417d3abebcefa8dc04bfc') in 0.004699 seconds 
========================================================================
Received Prepare
Refreshing native plugins compatible for Editor in 3.08 ms, found 2 plugins.
Preloading 0 native plugins for Editor in 0.00 ms.
Unloading 10 Unused Serialized files (Serialized files now loaded: 0)
System memory in use before: 144.3 MB.
System memory in use after: 144.4 MB.

Unloading 10 unused Assets to reduce memory usage. Loaded Objects now: 1994.
Total: 3.063673 ms (FindLiveObjects: 0.219819 ms CreateObjectMapping: 0.079674 ms MarkObjects: 2.746987 ms  DeleteObjects: 0.016485 ms)

AssetImportParameters requested are different than current active one (requested -> active):
  custom:video-decoder-ogg-theora: a1e56fd34408186e4bbccfd4996cb3dc -> 
  custom:container-muxer-webm: aa71ff27fc2769a1b78a27578f13a17b -> 
  custom:container-demuxer-webm: 4f35f7cbe854078d1ac9338744f61a02 -> 
  custom:container-demuxer-ogg: 62fdf1f143b41e24485cea50d1cbac27 -> 
  custom:video-encoder-webm-vp8: eb34c28f22e8b96e1ab97ce403110664 -> 
  custom:framework-osx-AVFoundation: e770b220cccbd017edd2c1fefb359320 -> 
  custom:video-decoder-webm-vp8: 9c59270c3fd7afecdb556c50c9e8de78 -> 
  custom:audio-decoder-ogg-vorbis: bf7c407c2cedff20999df2af8eb42d56 -> 
  custom:audio-encoder-webm-vorbis: bf7c407c2cedff20999df2af8eb42d56 -> 
========================================================================
Received Import Request.
  Time since last request: 40.205715 seconds.
  path: Assets/materials/textures
  artifactKey: Guid(1cb15cb2525034d7bb60c1c73cfcf959) Importer(815301076,1909f56bfc062723c751e8b465ee728b)
Start importing Assets/materials/textures using Guid(1cb15cb2525034d7bb60c1c73cfcf959) Importer(815301076,1909f56bfc062723c751e8b465ee728b)  -> (artifact id: '21b89a3aec01d54b13a8d5a720a26efc') in 0.002134 seconds 
========================================================================
Received Import Request.
  Time since last request: 12.352106 seconds.
  path: Assets/materials/ball.mat
  artifactKey: Guid(7ae82cd04f8804ab5bbb1559917f9461) Importer(815301076,1909f56bfc062723c751e8b465ee728b)
Start importing Assets/materials/ball.mat using Guid(7ae82cd04f8804ab5bbb1559917f9461) Importer(815301076,1909f56bfc062723c751e8b465ee728b)  -> (artifact id: '3be25910c06f912a3b1dbcbf0d66c7e7') in 1.425813 seconds 
========================================================================
Received Import Request.
  Time since last request: 0.000258 seconds.
  path: Assets/materials/grass.mat
  artifactKey: Guid(5786483cf39d14af683f441cee22a176) Importer(815301076,1909f56bfc062723c751e8b465ee728b)
Start importing Assets/materials/grass.mat using Guid(5786483cf39d14af683f441cee22a176) Importer(815301076,1909f56bfc062723c751e8b465ee728b)  -> (artifact id: '66cd319e732c61da746b18d22968e659') in 0.147683 seconds 
========================================================================
Received Import Request.
  Time since last request: 0.000334 seconds.
  path: Assets/materials/ground.mat
  artifactKey: Guid(8fd611676eb5c428fb8dea129eab1e60) Importer(815301076,1909f56bfc062723c751e8b465ee728b)
Start importing Assets/materials/ground.mat using Guid(8fd611676eb5c428fb8dea129eab1e60) Importer(815301076,1909f56bfc062723c751e8b465ee728b)  -> (artifact id: '93619d41814fedeb5e9205dff77beedd') in 0.017570 seconds 
========================================================================
Received Import Request.
  Time since last request: 0.000270 seconds.
  path: Assets/materials/player1.mat
  artifactKey: Guid(d539663809da5490e923a875f2a10195) Importer(815301076,1909f56bfc062723c751e8b465ee728b)
Start importing Assets/materials/player1.mat using Guid(d539663809da5490e923a875f2a10195) Importer(815301076,1909f56bfc062723c751e8b465ee728b)  -> (artifact id: 'f066d0ac1260b84f1d019fdd08ac4f07') in 0.015456 seconds 
========================================================================
Received Import Request.
  Time since last request: 0.000246 seconds.
  path: Assets/materials/block.mat
  artifactKey: Guid(c5061489e599d4ae994739bf4b67bc2a) Importer(815301076,1909f56bfc062723c751e8b465ee728b)
Start importing Assets/materials/block.mat using Guid(c5061489e599d4ae994739bf4b67bc2a) Importer(815301076,1909f56bfc062723c751e8b465ee728b)  -> (artifact id: '4b6ff21b656b2559a5337d23a2dd95e2') in 0.012917 seconds 
========================================================================
Received Import Request.
  Time since last request: 0.000255 seconds.
  path: Assets/materials/gun.mat
  artifactKey: Guid(f16cb5eaa2abb42dbac39a11b46f6734) Importer(815301076,1909f56bfc062723c751e8b465ee728b)
Start importing Assets/materials/gun.mat using Guid(f16cb5eaa2abb42dbac39a11b46f6734) Importer(815301076,1909f56bfc062723c751e8b465ee728b)  -> (artifact id: '594f5f69fca978b366a362340c1db892') in 0.015953 seconds 
========================================================================
Received Import Request.
  Time since last request: 0.000240 seconds.
  path: Assets/materials/wall.mat
  artifactKey: Guid(64f963500ce42415ea909a15bf1f5634) Importer(815301076,1909f56bfc062723c751e8b465ee728b)
Start importing Assets/materials/wall.mat using Guid(64f963500ce42415ea909a15bf1f5634) Importer(815301076,1909f56bfc062723c751e8b465ee728b)  -> (artifact id: '162be2675d5c8c8abc3da010afb1814c') in 0.025790 seconds 
========================================================================
Received Import Request.
  Time since last request: 844.231440 seconds.
  path: Assets/materials/block.mat
  artifactKey: Guid(c5061489e599d4ae994739bf4b67bc2a) Importer(815301076,1909f56bfc062723c751e8b465ee728b)
Start importing Assets/materials/block.mat using Guid(c5061489e599d4ae994739bf4b67bc2a) Importer(815301076,1909f56bfc062723c751e8b465ee728b)  -> (artifact id: '68a51480a78923e9e3ec0a51d4face61') in 0.051921 seconds 
========================================================================
Received Import Request.
  Time since last request: 0.000256 seconds.
  path: Assets/materials/Ground 1.mat
  artifactKey: Guid(ed46c99c0e1944f909f274493b98e029) Importer(815301076,1909f56bfc062723c751e8b465ee728b)
Start importing Assets/materials/Ground 1.mat using Guid(ed46c99c0e1944f909f274493b98e029) Importer(815301076,1909f56bfc062723c751e8b465ee728b)  -> (artifact id: '6fd606fb9e0a8b7ed4b0102301624418') in 0.027511 seconds 
========================================================================
Received Import Request.
  Time since last request: 0.000330 seconds.
  path: Assets/materials/wall.mat
  artifactKey: Guid(64f963500ce42415ea909a15bf1f5634) Importer(815301076,1909f56bfc062723c751e8b465ee728b)
Start importing Assets/materials/wall.mat using Guid(64f963500ce42415ea909a15bf1f5634) Importer(815301076,1909f56bfc062723c751e8b465ee728b)  -> (artifact id: '5cc4f5bf8a7185d5d2073e5f40e5c941') in 0.015858 seconds 
========================================================================
Received Prepare
Registering precompiled user dll's ...
Registered in 0.000984 seconds.
Begin MonoManager ReloadAssembly
Native extension for OSXStandalone target not found
Refreshing native plugins compatible for Editor in 0.46 ms, found 2 plugins.
Preloading 0 native plugins for Editor in 0.00 ms.
2022-10-07 20:22:12.658 Unity[9438:1252978] NSEventModifierFlagFunction specified to -setKeyEquivalentModifierMask: for item <NSMenuItem: 0x600003fe4a80 Font Asset, ke='Command-F12'>, but is only supported for system-provided menu items; will not be used
Mono: successfully reloaded assembly
- Completed reload, in  1.498 seconds
Domain Reload Profiling:
	ReloadAssembly (1501ms)
		BeginReloadAssembly (319ms)
			ExecutionOrderSort (0ms)
			DisableScriptedObjects (10ms)
			BackupInstance (0ms)
			ReleaseScriptingObjects (0ms)
			CreateAndSetChildDomain (119ms)
		EndReloadAssembly (1110ms)
			LoadAssemblies (245ms)
			RebuildTransferFunctionScriptingTraits (0ms)
			SetupTypeCache (365ms)
			ReleaseScriptCaches (1ms)
			RebuildScriptCaches (54ms)
			SetupLoadedEditorAssemblies (414ms)
				LogAssemblyErrors (0ms)
				InitializePlatformSupportModulesInManaged (7ms)
				SetLoadedEditorAssemblies (1ms)
				RefreshPlugins (0ms)
				BeforeProcessingInitializeOnLoad (152ms)
				ProcessInitializeOnLoadAttributes (239ms)
				ProcessInitializeOnLoadMethodAttributes (14ms)
				AfterProcessingInitializeOnLoad (1ms)
				EditorAssembliesLoaded (0ms)
			ExecutionOrderSort2 (0ms)
			AwakeInstancesAfterBackupRestoration (8ms)
Platform modules already initialized, skipping
Refreshing native plugins compatible for Editor in 0.35 ms, found 2 plugins.
Preloading 0 native plugins for Editor in 0.00 ms.
Unloading 1513 Unused Serialized files (Serialized files now loaded: 0)
System memory in use before: 180.6 MB.
System memory in use after: 180.7 MB.

Unloading 13 unused Assets to reduce memory usage. Loaded Objects now: 2036.
Total: 3.376165 ms (FindLiveObjects: 0.146039 ms CreateObjectMapping: 0.053276 ms MarkObjects: 3.145170 ms  DeleteObjects: 0.030898 ms)

AssetImportParameters requested are different than current active one (requested -> active):
  custom:video-decoder-ogg-theora: a1e56fd34408186e4bbccfd4996cb3dc -> 
  custom:container-muxer-webm: aa71ff27fc2769a1b78a27578f13a17b -> 
  custom:container-demuxer-webm: 4f35f7cbe854078d1ac9338744f61a02 -> 
  custom:container-demuxer-ogg: 62fdf1f143b41e24485cea50d1cbac27 -> 
  custom:video-encoder-webm-vp8: eb34c28f22e8b96e1ab97ce403110664 -> 
  custom:framework-osx-AVFoundation: e770b220cccbd017edd2c1fefb359320 -> 
  custom:video-decoder-webm-vp8: 9c59270c3fd7afecdb556c50c9e8de78 -> 
  custom:audio-decoder-ogg-vorbis: bf7c407c2cedff20999df2af8eb42d56 -> 
  custom:audio-encoder-webm-vorbis: bf7c407c2cedff20999df2af8eb42d56 -> 
AssetImportWorkerClient::OnTransportError - code=2 error=End of file
